2016-03-23 12:52:34 INFO  CommonParameters:78 - Logged into Cloudera Director.
2016-03-23 12:53:13 INFO  CommonParameters:78 - Logged into Cloudera Director.
2016-03-23 12:53:50 INFO  CommonParameters:78 - Logged into Cloudera Director.
2016-03-23 12:53:50 INFO  GrowOrShrinkCluster:101 - Growing or Shrinking an existing CDH cluster...
2016-03-23 12:53:56 INFO  GrowOrShrinkCluster:104 - Waiting for the cluster to be ready. Check the web interface for details.
2016-03-23 13:34:57 INFO  CommonParameters:175 - Cluster With Implas Cluster READY current stage is READY Cluster With Implas
2016-03-23 14:24:30 INFO  CommonParameters:78 - Logged into Cloudera Director.
2016-03-23 14:24:30 INFO  GrowOrShrinkCluster:145 - Growing or Shrinking an existing CDH cluster...
2016-03-23 14:24:35 INFO  GrowOrShrinkCluster:148 - Waiting for the cluster to be ready. Check the web interface for details.
2016-03-23 14:58:36 INFO  CommonParameters:175 - Cluster With Implas Cluster READY current stage is READY Cluster With Implas
2016-03-23 15:01:12 INFO  CommonParameters:78 - Logged into Cloudera Director.
2016-03-23 15:01:12 INFO  GrowOrShrinkCluster:145 - Growing or Shrinking an existing CDH cluster...
2016-03-23 15:01:18 INFO  GrowOrShrinkCluster:148 - Waiting for the cluster to be ready. Check the web interface for details.
2016-03-23 15:02:25 INFO  CommonParameters:175 - Cluster With Implas Cluster READY current stage is READY Cluster With Implas
2016-03-23 21:43:31 INFO  CommonParameters:78 - Logged into Cloudera Director.
2016-03-23 21:43:31 INFO  GrowOrShrinkCluster:145 - Growing or Shrinking an existing CDH cluster...
2016-03-23 21:43:31 INFO  GrowOrShrinkCluster:40 - Worker node count cannot be less than 3.
2016-03-23 21:43:31 INFO  GrowOrShrinkCluster:148 - Waiting for the cluster to be ready. Check the web interface for details.
2016-03-23 21:43:32 INFO  CommonParameters:175 - Cluster With Implas Cluster READY current stage is READY Cluster With Implas
2016-03-23 21:44:28 INFO  CommonParameters:78 - Logged into Cloudera Director.
2016-03-23 21:44:28 INFO  GrowOrShrinkCluster:145 - Growing or Shrinking an existing CDH cluster...
2016-03-23 21:44:33 INFO  GrowOrShrinkCluster:148 - Waiting for the cluster to be ready. Check the web interface for details.
2016-03-23 21:47:10 INFO  CommonParameters:175 - Cluster With Implas Cluster READY current stage is READY Cluster With Implas
2016-03-24 09:55:27 INFO  CommonParameters:78 - Logged into Cloudera Director.
2016-03-24 09:55:27 INFO  GrowOrShrinkCluster:145 - Growing or Shrinking an existing CDH cluster...
2016-03-24 09:55:32 INFO  GrowOrShrinkCluster:148 - Waiting for the cluster to be ready. Check the web interface for details.
2016-03-24 09:56:37 INFO  CommonParameters:78 - Logged into Cloudera Director.
2016-03-24 09:56:37 INFO  GrowOrShrinkCluster:145 - Growing or Shrinking an existing CDH cluster...
2016-03-24 09:56:38 ERROR GrowOrShrinkCluster:153 - ERROR: 
java.lang.NullPointerException
	at com.cloudera.director.toolkit.GrowOrShrinkCluster.modifyCluster(GrowOrShrinkCluster.java:55)
	at com.cloudera.director.toolkit.GrowOrShrinkCluster.run(GrowOrShrinkCluster.java:146)
	at com.cloudera.director.toolkit.GrowOrShrinkCluster.main(GrowOrShrinkCluster.java:175)
	at sun.reflect.NativeMethodAccessorImpl.invoke0(Native Method)
	at sun.reflect.NativeMethodAccessorImpl.invoke(NativeMethodAccessorImpl.java:57)
	at sun.reflect.DelegatingMethodAccessorImpl.invoke(DelegatingMethodAccessorImpl.java:43)
	at java.lang.reflect.Method.invoke(Method.java:606)
	at com.intellij.rt.execution.application.AppMain.main(AppMain.java:144)
2016-03-24 09:56:57 INFO  CommonParameters:78 - Logged into Cloudera Director.
2016-03-24 09:56:57 INFO  GrowOrShrinkCluster:145 - Growing or Shrinking an existing CDH cluster...
2016-03-24 09:57:02 INFO  GrowOrShrinkCluster:148 - Waiting for the cluster to be ready. Check the web interface for details.
2016-03-24 10:05:27 INFO  CommonParameters:175 - AutoscaleOnS3_2 Cluster READY current stage is READY AutoscaleOnS3_2
2016-03-24 10:19:35 INFO  CommonParameters:78 - Logged into Cloudera Director.
2016-03-24 10:19:35 INFO  GrowOrShrinkCluster:145 - Growing or Shrinking an existing CDH cluster...
2016-03-24 10:19:40 INFO  GrowOrShrinkCluster:148 - Waiting for the cluster to be ready. Check the web interface for details.
2016-03-24 10:28:33 INFO  CommonParameters:175 - AutoscaleOnS3_2 Cluster READY current stage is READY AutoscaleOnS3_2
2016-03-24 15:41:31 INFO  CommonParameters:78 - Logged into Cloudera Director.
2016-03-24 15:41:31 INFO  GrowOrShrinkCluster:191 - Growing or Shrinking an existing CDH cluster...
2016-03-24 15:41:37 INFO  GrowOrShrinkCluster:194 - Waiting for the cluster to be ready. Check the web interface for details.
2016-03-24 15:41:54 INFO  CommonParameters:192 - AutoscaleOnS3_2 Cluster READY current stage is READY AutoscaleOnS3_2
2016-03-24 15:59:28 INFO  CommonParameters:78 - Logged into Cloudera Director.
2016-03-24 15:59:28 INFO  GrowOrShrinkCluster:191 - Growing or Shrinking an existing CDH cluster...
2016-03-24 15:59:28 INFO  GrowOrShrinkCluster:148 - Number of gateway instances exists, adjusting as needed to size 0
2016-03-24 15:59:28 ERROR GrowOrShrinkCluster:199 - ERROR: 
com.cloudera.director.client.common.ApiException: 
	at com.cloudera.director.client.common.ApiClient.invokeAPI(ApiClient.java:223)
	at com.cloudera.director.client.latest.api.ClustersApi.update(ClustersApi.java:419)
	at com.cloudera.director.toolkit.GrowOrShrinkCluster.modifyCluster(GrowOrShrinkCluster.java:170)
	at com.cloudera.director.toolkit.GrowOrShrinkCluster.run(GrowOrShrinkCluster.java:192)
	at com.cloudera.director.toolkit.GrowOrShrinkCluster.main(GrowOrShrinkCluster.java:221)
	at sun.reflect.NativeMethodAccessorImpl.invoke0(Native Method)
	at sun.reflect.NativeMethodAccessorImpl.invoke(NativeMethodAccessorImpl.java:57)
	at sun.reflect.DelegatingMethodAccessorImpl.invoke(DelegatingMethodAccessorImpl.java:43)
	at java.lang.reflect.Method.invoke(Method.java:606)
	at com.intellij.rt.execution.application.AppMain.main(AppMain.java:144)
2016-03-24 16:01:50 INFO  CommonParameters:78 - Logged into Cloudera Director.
2016-03-24 16:01:50 INFO  GrowOrShrinkCluster:191 - Growing or Shrinking an existing CDH cluster...
2016-03-24 16:01:50 INFO  GrowOrShrinkCluster:148 - Number of gateway instances exists, adjusting as needed to size 1
2016-03-24 16:01:57 INFO  GrowOrShrinkCluster:194 - Waiting for the cluster to be ready. Check the web interface for details.
2016-03-24 16:04:02 INFO  CommonParameters:192 - AutoscaleOnS3_2 Cluster READY current stage is READY AutoscaleOnS3_2
2016-03-24 16:06:58 INFO  CommonParameters:78 - Logged into Cloudera Director.
2016-03-24 16:06:58 INFO  GrowOrShrinkCluster:195 - Growing or Shrinking an existing CDH cluster...
2016-03-24 16:06:58 INFO  GrowOrShrinkCluster:148 - Number of gateway instances exists, adjusting as needed to size 0
2016-03-24 16:07:01 INFO  GrowOrShrinkCluster:198 - Waiting for the cluster to be ready. Check the web interface for details.
2016-03-24 16:09:09 INFO  CommonParameters:192 - AutoscaleOnS3_2 Cluster UPDATE_FAILED current stage is UPDATE_FAILED AutoscaleOnS3_2
2016-03-24 16:11:37 INFO  CommonParameters:78 - Logged into Cloudera Director.
2016-03-24 16:11:37 INFO  GrowOrShrinkCluster:195 - Growing or Shrinking an existing CDH cluster...
2016-03-24 16:11:37 INFO  GrowOrShrinkCluster:118 - Number of gateway instances is zero, creating new instances of count :2
2016-03-24 16:11:38 INFO  GrowOrShrinkCluster:198 - Waiting for the cluster to be ready. Check the web interface for details.
2016-03-24 16:11:39 INFO  CommonParameters:192 - AutoscaleOnS3_2 Cluster UPDATE_FAILED current stage is UPDATE_FAILED AutoscaleOnS3_2
